<?xml version="1.0" encoding="UTF-8"?>

<mule xmlns:db="http://www.mulesoft.org/schema/mule/db"
	xmlns:scripting="http://www.mulesoft.org/schema/mule/scripting"
	xmlns:salesforce="http://www.mulesoft.org/schema/mule/salesforce"
	xmlns:ee="http://www.mulesoft.org/schema/mule/ee/core" xmlns:xsi="http://www.w3.org/2001/XMLSchema-instance"
	xmlns:munit="http://www.mulesoft.org/schema/mule/munit" xmlns:munit-tools="http://www.mulesoft.org/schema/mule/munit-tools"
	xmlns="http://www.mulesoft.org/schema/mule/core" xmlns:doc="http://www.mulesoft.org/schema/mule/documentation" xsi:schemaLocation="
http://www.mulesoft.org/schema/mule/scripting http://www.mulesoft.org/schema/mule/scripting/current/mule-scripting.xsd 
http://www.mulesoft.org/schema/mule/ee/core http://www.mulesoft.org/schema/mule/ee/core/current/mule-ee.xsd 
		http://www.mulesoft.org/schema/mule/core http://www.mulesoft.org/schema/mule/core/current/mule.xsd
		http://www.mulesoft.org/schema/mule/munit http://www.mulesoft.org/schema/mule/munit/current/mule-munit.xsd
		http://www.mulesoft.org/schema/mule/munit-tools  http://www.mulesoft.org/schema/mule/munit-tools/current/mule-munit-tools.xsd
http://www.mulesoft.org/schema/mule/salesforce http://www.mulesoft.org/schema/mule/salesforce/current/mule-salesforce.xsd
http://www.mulesoft.org/schema/mule/db http://www.mulesoft.org/schema/mule/db/current/mule-db.xsd">
	<munit:config name="new-test-suite.xml" />
	<configuration-properties doc:name="Configuration properties" file="mule.test.properties" />
	<configuration-properties doc:name="Configuration properties" file="common.properties" />
	<configuration-properties doc:name="Configuration properties" file="mule-artifact.properties" />
	<salesforce:sfdc-config name="Salesforce_Sfdc_test_config" doc:name="Salesforce Sfdc A test config">
		<salesforce:basic-connection username="${sfdc.test.username}"
				password="${sfdc.test.password}" 
				securityToken="${sfdc.test.securityToken}" />
	</salesforce:sfdc-config>
	
	<munit:before-test name="test-suiteBefore_Test" description="Before tests actions" >
		<ee:transform doc:name="Prepare common testing data" doc:id="1fca4444-cfe9-452e-b3fa-5d2aad0a3678">
			<ee:message />
			<ee:variables>
				<ee:set-variable variableName="testName1"><![CDATA[%dw 2.0
output application/java
---
"testName" ++ (uuid() splitBy("-"))[0]]]></ee:set-variable>
				<ee:set-variable variableName="testName2"><![CDATA[%dw 2.0
output application/java
---
"testName" ++ (uuid() splitBy("-"))[0]]]></ee:set-variable>
				<ee:set-variable variableName="testIndustry"><![CDATA[%dw 2.0
output application/java
---
"Energy"]]></ee:set-variable>
				<ee:set-variable variableName="testIndustryUpdated"><![CDATA[%dw 2.0
output application/java
---
"Education"]]></ee:set-variable>
				<ee:set-variable variableName="testName3"><![CDATA[%dw 2.0
output application/java
---
"testName" ++ (uuid() splitBy("-"))[0]]]></ee:set-variable>
			</ee:variables>
		</ee:transform>
		<ee:transform doc:name="Prepare testing data(instance A)" doc:id="899ac5a5-a7be-4335-b8d6-e34a60b2168d">
					<ee:message>
						<ee:set-payload><![CDATA[%dw 2.0
output application/java
--- 
[{
	Description: "test description1",
	Name: vars.testName1,
	Industry: "Education",
	NumberOfEmployees: 15001
},
{
	Description: "test description2",
	Name: vars.testName2,
	Industry: vars.testIndustryUpdated,
 	NumberOfEmployees: 100
}
]]]></ee:set-payload>
					</ee:message>
				</ee:transform>
		<salesforce:create type="Account" doc:name="Create Accounts in instance A" config-ref="Salesforce_Sfdc_test_config" />
		<set-variable value="#[payload map ($.id)]" doc:name="Store IDs to variable sfdcAIds" variableName="sfdcAIds" />
		<ee:transform doc:name="Prepare testing data(instance B)" doc:id="8ce6e8a6-55fb-41d6-85b2-38d8f89b33ce">
			<ee:message>
				<ee:set-payload><![CDATA[%dw 2.0
output application/java
---
[{
	Description: "test description2",
	Name: vars.testName2,
 	NumberOfEmployees: 15001,
	Industry: vars.testIndustry,
 	LastModifiedById: "testUser"
 },
{ 
	Description: "test description3",
	Name: vars.testName3,
	NumberOfEmployees: 15001,
	Industry: "Education",
	LastModifiedById: "testUser"
} 
] 
	]]></ee:set-payload>
			</ee:message>
		</ee:transform>
		<db:bulk-insert doc:name="Bulk insert" doc:id="5269b525-47cd-40b9-afa6-176d43a697a9" config-ref="Database_Config">
			<db:sql >INSERT INTO Account (
	Description,
	Name,
	NumberOfEmployees,
	Industry,
	LastModifiedById
) VALUES (
	:Description,
	:Name,
	:NumberOfEmployees,
	:Industry,
	:LastModifiedById
)</db:sql>
		</db:bulk-insert>
	</munit:before-test>
	<munit:test name="test-suite-querySalesforceFlowTest" description="Test" doc:id="6332c58f-ba5b-451a-8ca7-8d677e31fa9d" >
		<munit:execution >
			<scripting:execute doc:name="Sleep for 10s before we start tests" doc:id="68f96218-bb52-4fbc-92c8-1b014988e3e2" engine="groovy">
				<scripting:code >sleep(10000)</scripting:code>
			</scripting:execute>
			<flow-ref doc:name="querySalesforceFlow" doc:id="e0479714-bce3-4ea8-9fbc-1c8ed7b5d185" name="querySalesforceFlow"/>
		<flow-ref doc:name="syncFromSalesforceToDatabase" doc:id="5592c1fa-6dc8-4956-b894-e0e2b025918f" name="syncFromSalesforceToDatabase"/>
			<scripting:execute doc:name="Sleep for 30s until the processing is completed" doc:id="b09fe305-3000-4571-b824-8b555395ccb7" engine="groovy">
				<scripting:code >sleep(30000)</scripting:code>
			</scripting:execute>
			<db:select doc:name="Query for Account, which should not be updated in DB" doc:id="6762fde0-2165-4199-a531-944c32c19f3b" config-ref="Database_Config">
				<db:sql >SELECT Id, Industry FROM Account WHERE Name = :name</db:sql>
				<db:input-parameters ><![CDATA[#[{'name' : vars.testName2}]]]></db:input-parameters>
			</db:select>
			<munit-tools:assert-that doc:name="Assert that Industry was not updated" doc:id="1e559409-a86b-47b9-bb44-cbcac54c4ade" expression="#[payload[0].Industry]" is="#[MunitTools::equalTo(vars.testIndustry)]" message="Assert that Industry was not updated has failed"/>
			<db:select doc:name="Query for Account, which should be inserted in instance DB" doc:id="6762fde0-2165-4199-a531-944c32c19f3b" config-ref="Database_Config">
				<db:sql>SELECT Id FROM Account WHERE Name = :name</db:sql>
				<db:input-parameters><![CDATA[#[{'name' : vars.testName1}]]]></db:input-parameters>
			</db:select>
			<set-variable value="#[sizeOf(payload)]" doc:name="Set Variable with result size" doc:id="b485fb70-e4a8-4f97-9da9-e0ace1a236c9" variableName="resultSize" />
			<munit-tools:assert-that doc:name="Assert that we found migrated Account" doc:id="a8f4453a-10c6-4508-8ecf-64cc08e6129c" expression="#[vars.resultSize]" is="#[MunitTools::equalTo(1)]" message="Assert that we found migrated Account has failed"/>
		</munit:execution>
		<munit:validation>
			<munit-tools:verify-call doc:name="Verify DB insert call" doc:id="d169a8c9-05fa-410f-bf1f-679ac50991ea" processor="db:bulk-insert" times="2" />
		</munit:validation>
	</munit:test>
	<munit:test name="test-suite-queryDatabaseFlowTest" description="Test" doc:id="a1717021-c9a9-4eaf-8798-43d65a776cc3">
		<munit:execution >
			<scripting:execute doc:name="Sleep for 10s before we start tests" doc:id="68f96218-bb52-4fbc-92c8-1b014988e3e2" engine="groovy">
				<scripting:code >sleep(10000)</scripting:code>
			</scripting:execute>
			<flow-ref doc:name="queryDatabaseFlow" doc:id="e0479714-bce3-4ea8-9fbc-1c8ed7b5d185" name="queryDatabaseFlow"/>
		<flow-ref doc:name="syncFromDatabaseToSalesforce" doc:id="5592c1fa-6dc8-4956-b894-e0e2b025918f" name="syncFromDatabaseToSalesforce"/>
			<scripting:execute doc:name="Sleep for 30s until the processing is completed" doc:id="b09fe305-3000-4571-b824-8b555395ccb7" engine="groovy">
				<scripting:code >sleep(30000)</scripting:code>
			</scripting:execute>
			<salesforce:query doc:name="Query for Account, which should be updated in SFDC" config-ref="Salesforce_Sfdc_test_config">
				<salesforce:salesforce-query >SELECT Id, Industry FROM Account WHERE Name = ':name'</salesforce:salesforce-query>
				<salesforce:parameters ><![CDATA[#[output applicaton/java
---
{
	"name" : vars.testName2
}]]]></salesforce:parameters>
			</salesforce:query>
			<munit-tools:assert-that doc:name="Assert that Industry was updated" doc:id="1e559409-a86b-47b9-bb44-cbcac54c4ade" expression="#[payload[0].Industry]" is="#[MunitTools::equalTo(vars.testIndustryUpdated)]" message="Assert that Industry was updated has failed"/>
			<salesforce:query doc:name="Query for Account, which should be inserted in SFDC" doc:id="145cdbc1-3137-4eef-b8e3-7aea91cb9833" config-ref="Salesforce_Sfdc_test_config">
				<salesforce:salesforce-query>SELECT Id FROM Account WHERE Name = ':name'</salesforce:salesforce-query>
				<salesforce:parameters><![CDATA[#[output applicaton/java
---
{
	"name" : vars.testName3
}]]]></salesforce:parameters>
			</salesforce:query>
			<set-variable value="#[sizeOf(payload)]" doc:name="Set Variable with result size" doc:id="b485fb70-e4a8-4f97-9da9-e0ace1a236c9" variableName="resultSize" />
			<munit-tools:assert-that doc:name="Assert that we found migrated Account" doc:id="a8f4453a-10c6-4508-8ecf-64cc08e6129c" expression="#[vars.resultSize]" is="#[MunitTools::equalTo(1)]" message="Assert that we found migrated Account has failed"/>
			<salesforce:delete doc:name="Delete migrated Accounts from SFDC" doc:id="353f9ea2-b733-4370-9d93-a97ee651f5e4" config-ref="Salesforce_Sfdc_test_config">
				<salesforce:delete-ids ><![CDATA[#[payload map ($.Id)]]]></salesforce:delete-ids>
			</salesforce:delete>
		</munit:execution>
		<munit:validation>
			<munit-tools:verify-call doc:name="Verify call" doc:id="d169a8c9-05fa-410f-bf1f-679ac50991ea" processor="salesforce:upsert-bulk" times="1" />
			<munit-tools:verify-call doc:name="Verify call" doc:id="6615e195-e10d-4e56-8116-3ab61227a26c" processor="ee:transform" atLeast="1">
				<munit-tools:with-attributes>
					<munit-tools:with-attribute attributeName="doc:id" whereValue="c119f87d-9095-4962-b961-efe507b06a0c" />
				</munit-tools:with-attributes>
			</munit-tools:verify-call>
		</munit:validation>
	</munit:test>

	<munit:after-test name="test-suiteAfter_Test" description="After tests actions" doc:id="5b85bb9e-67e6-47f7-8f71-53a39f147fc8" >
			<salesforce:delete doc:name="Delete source Accounts in SFDC" doc:id="788956ca-8ada-49c2-a3f7-7eb367e735b4" config-ref="Salesforce_Sfdc_test_config">
					<salesforce:delete-ids><![CDATA[#[vars.sfdcAIds]]]></salesforce:delete-ids>
				</salesforce:delete>
		<db:delete doc:name="Delete accounts in DB" doc:id="5a9af873-8e8c-4677-81ad-c53367c97a46" config-ref="Database_Config">
			<db:sql >DELETE FROM Account WHERE Name IN (:name1, :name2, :name3)</db:sql>
			<db:input-parameters ><![CDATA[#[{'name1' : vars.testName1, 'name2' : vars.testName2, 'name3' : vars.testName3}]]]></db:input-parameters>
		</db:delete>
		
	
</munit:after-test>

</mule>
